<?xml version="1.0" encoding="UTF-8"?>
<coverage generated="1654905301756" clover="3.2.0">
  <project timestamp="1654905301756" name="All files">
    <metrics statements="38" coveredstatements="38" conditionals="5" coveredconditionals="5" methods="9" coveredmethods="9" elements="52" coveredelements="52" complexity="0" loc="38" ncloc="38" packages="2" files="3" classes="3"/>
    <package name="Models">
      <metrics statements="36" coveredstatements="36" conditionals="5" coveredconditionals="5" methods="8" coveredmethods="8"/>
      <file name="Factura.model.ts" path="C:\Users\ByronDaniel\Documents\BP\Frontend\Clase 6 Ts\src\Models\Factura.model.ts">
        <metrics statements="23" coveredstatements="23" conditionals="3" coveredconditionals="3" methods="4" coveredmethods="4"/>
        <line num="1" count="1" type="stmt"/>
        <line num="2" count="1" type="stmt"/>
        <line num="8" count="5" type="stmt"/>
        <line num="9" count="5" type="stmt"/>
        <line num="10" count="5" type="stmt"/>
        <line num="15" count="5" type="stmt"/>
        <line num="20" count="3" type="stmt"/>
        <line num="21" count="3" type="cond" truecount="3" falsecount="0"/>
        <line num="22" count="3" type="stmt"/>
        <line num="23" count="3" type="stmt"/>
        <line num="24" count="3" type="stmt"/>
        <line num="30" count="3" type="stmt"/>
        <line num="31" count="3" type="stmt"/>
        <line num="32" count="3" type="stmt"/>
        <line num="33" count="3" type="stmt"/>
        <line num="39" count="2" type="stmt"/>
        <line num="40" count="2" type="stmt"/>
        <line num="41" count="2" type="stmt"/>
        <line num="46" count="1" type="stmt"/>
        <line num="47" count="1" type="stmt"/>
        <line num="48" count="1" type="stmt"/>
        <line num="49" count="1" type="stmt"/>
        <line num="50" count="1" type="stmt"/>
      </file>
      <file name="Tienda.model.ts" path="C:\Users\ByronDaniel\Documents\BP\Frontend\Clase 6 Ts\src\Models\Tienda.model.ts">
        <metrics statements="13" coveredstatements="13" conditionals="2" coveredconditionals="2" methods="4" coveredmethods="4"/>
        <line num="1" count="1" type="stmt"/>
        <line num="2" count="1" type="stmt"/>
        <line num="6" count="5" type="stmt"/>
        <line num="11" count="5" type="stmt"/>
        <line num="16" count="5" type="stmt"/>
        <line num="17" count="5" type="cond" truecount="1" falsecount="0"/>
        <line num="18" count="5" type="stmt"/>
        <line num="19" count="5" type="stmt"/>
        <line num="25" count="9" type="stmt"/>
        <line num="30" count="9" type="stmt"/>
        <line num="31" count="4" type="cond" truecount="1" falsecount="0"/>
        <line num="32" count="4" type="stmt"/>
        <line num="35" count="9" type="stmt"/>
      </file>
    </package>
    <package name="utils.functions">
      <metrics statements="2" coveredstatements="2" conditionals="0" coveredconditionals="0" methods="1" coveredmethods="1"/>
      <file name="randomNumber.ts" path="C:\Users\ByronDaniel\Documents\BP\Frontend\Clase 6 Ts\src\utils\functions\randomNumber.ts">
        <metrics statements="2" coveredstatements="2" conditionals="0" coveredconditionals="0" methods="1" coveredmethods="1"/>
        <line num="2" count="6" type="stmt"/>
        <line num="5" count="1" type="stmt"/>
      </file>
    </package>
  </project>
</coverage>
