{"C:\\Users\\ByronDaniel\\Documents\\BP\\Frontend\\Clase 6 Ts\\dist\\Models\\Factura.model.js": {"path":"C:\\Users\\ByronDaniel\\Documents\\BP\\Frontend\\Clase 6 Ts\\dist\\Models\\Factura.model.js","statementMap":{"0":{"start":{"line":2,"column":0},"end":{"line":2,"column":62}},"1":{"start":{"line":3,"column":0},"end":{"line":3,"column":25}},"2":{"start":{"line":4,"column":23},"end":{"line":4,"column":48}},"3":{"start":{"line":7,"column":8},"end":{"line":7,"column":16}},"4":{"start":{"line":8,"column":8},"end":{"line":8,"column":35}},"5":{"start":{"line":9,"column":8},"end":{"line":13,"column":10}},"6":{"start":{"line":14,"column":8},"end":{"line":14,"column":22}},"7":{"start":{"line":18,"column":27},"end":{"line":18,"column":61}},"8":{"start":{"line":19,"column":8},"end":{"line":39,"column":9}},"9":{"start":{"line":20,"column":12},"end":{"line":20,"column":42}},"10":{"start":{"line":21,"column":12},"end":{"line":21,"column":62}},"11":{"start":{"line":22,"column":12},"end":{"line":34,"column":13}},"12":{"start":{"line":23,"column":39},"end":{"line":28,"column":17}},"13":{"start":{"line":29,"column":16},"end":{"line":29,"column":61}},"14":{"start":{"line":32,"column":37},"end":{"line":32,"column":115}},"15":{"start":{"line":32,"column":80},"end":{"line":32,"column":114}},"16":{"start":{"line":33,"column":16},"end":{"line":33,"column":65}},"17":{"start":{"line":35,"column":12},"end":{"line":35,"column":76}},"18":{"start":{"line":38,"column":12},"end":{"line":38,"column":79}},"19":{"start":{"line":40,"column":8},"end":{"line":40,"column":30}},"20":{"start":{"line":41,"column":8},"end":{"line":41,"column":24}},"21":{"start":{"line":44,"column":25},"end":{"line":44,"column":106}},"22":{"start":{"line":44,"column":64},"end":{"line":44,"column":105}},"23":{"start":{"line":45,"column":8},"end":{"line":50,"column":9}},"24":{"start":{"line":46,"column":12},"end":{"line":46,"column":24}},"25":{"start":{"line":49,"column":12},"end":{"line":49,"column":25}},"26":{"start":{"line":54,"column":20},"end":{"line":54,"column":93}},"27":{"start":{"line":55,"column":8},"end":{"line":55,"column":33}},"28":{"start":{"line":56,"column":8},"end":{"line":56,"column":21}},"29":{"start":{"line":60,"column":8},"end":{"line":60,"column":29}},"30":{"start":{"line":61,"column":8},"end":{"line":61,"column":66}},"31":{"start":{"line":62,"column":8},"end":{"line":62,"column":75}},"32":{"start":{"line":63,"column":8},"end":{"line":63,"column":53}},"33":{"start":{"line":64,"column":8},"end":{"line":64,"column":20}},"34":{"start":{"line":67,"column":0},"end":{"line":67,"column":26}}},"fnMap":{"0":{"name":"(anonymous_0)","decl":{"start":{"line":6,"column":4},"end":{"line":6,"column":5}},"loc":{"start":{"line":6,"column":18},"end":{"line":15,"column":5}},"line":6},"1":{"name":"(anonymous_1)","decl":{"start":{"line":17,"column":4},"end":{"line":17,"column":5}},"loc":{"start":{"line":17,"column":36},"end":{"line":42,"column":5}},"line":17},"2":{"name":"(anonymous_2)","decl":{"start":{"line":32,"column":69},"end":{"line":32,"column":70}},"loc":{"start":{"line":32,"column":80},"end":{"line":32,"column":114}},"line":32},"3":{"name":"(anonymous_3)","decl":{"start":{"line":43,"column":4},"end":{"line":43,"column":5}},"loc":{"start":{"line":43,"column":49},"end":{"line":51,"column":5}},"line":43},"4":{"name":"(anonymous_4)","decl":{"start":{"line":44,"column":52},"end":{"line":44,"column":53}},"loc":{"start":{"line":44,"column":64},"end":{"line":44,"column":105}},"line":44},"5":{"name":"(anonymous_5)","decl":{"start":{"line":53,"column":4},"end":{"line":53,"column":5}},"loc":{"start":{"line":53,"column":20},"end":{"line":57,"column":5}},"line":53},"6":{"name":"(anonymous_6)","decl":{"start":{"line":59,"column":4},"end":{"line":59,"column":5}},"loc":{"start":{"line":59,"column":15},"end":{"line":65,"column":5}},"line":59}},"branchMap":{"0":{"loc":{"start":{"line":19,"column":8},"end":{"line":39,"column":9}},"type":"if","locations":[{"start":{"line":19,"column":8},"end":{"line":39,"column":9}},{"start":{"line":37,"column":13},"end":{"line":39,"column":9}}],"line":19},"1":{"loc":{"start":{"line":19,"column":12},"end":{"line":19,"column":62}},"type":"binary-expr","locations":[{"start":{"line":19,"column":12},"end":{"line":19,"column":34}},{"start":{"line":19,"column":38},"end":{"line":19,"column":62}}],"line":19},"2":{"loc":{"start":{"line":22,"column":12},"end":{"line":34,"column":13}},"type":"if","locations":[{"start":{"line":22,"column":12},"end":{"line":34,"column":13}},{"start":{"line":31,"column":17},"end":{"line":34,"column":13}}],"line":22},"3":{"loc":{"start":{"line":45,"column":8},"end":{"line":50,"column":9}},"type":"if","locations":[{"start":{"line":45,"column":8},"end":{"line":50,"column":9}},{"start":{"line":48,"column":13},"end":{"line":50,"column":9}}],"line":45}},"s":{"0":1,"1":1,"2":1,"3":8,"4":8,"5":8,"6":8,"7":7,"8":7,"9":6,"10":6,"11":6,"12":5,"13":5,"14":1,"15":1,"16":1,"17":6,"18":1,"19":7,"20":7,"21":7,"22":2,"23":7,"24":2,"25":5,"26":2,"27":2,"28":2,"29":1,"30":1,"31":1,"32":1,"33":1,"34":1},"f":{"0":8,"1":7,"2":1,"3":7,"4":2,"5":2,"6":1},"b":{"0":[6,1],"1":[7,7],"2":[5,1],"3":[2,5]},"inputSourceMap":null,"_coverageSchema":"1a1c01bbd47fc00a2c39e90264f33305004495a9","hash":"7b6dabf2f3cc723e8a66fbbd668d33670bfb328c"}
,"C:\\Users\\ByronDaniel\\Documents\\BP\\Frontend\\Clase 6 Ts\\dist\\Models\\Tienda.model.js": {"path":"C:\\Users\\ByronDaniel\\Documents\\BP\\Frontend\\Clase 6 Ts\\dist\\Models\\Tienda.model.js","statementMap":{"0":{"start":{"line":2,"column":0},"end":{"line":2,"column":62}},"1":{"start":{"line":3,"column":0},"end":{"line":3,"column":24}},"2":{"start":{"line":4,"column":23},"end":{"line":4,"column":65}},"3":{"start":{"line":7,"column":8},"end":{"line":7,"column":39}},"4":{"start":{"line":11,"column":8},"end":{"line":18,"column":9}},"5":{"start":{"line":12,"column":12},"end":{"line":16,"column":15}},"6":{"start":{"line":17,"column":12},"end":{"line":17,"column":51}},"7":{"start":{"line":22,"column":30},"end":{"line":22,"column":115}},"8":{"start":{"line":22,"column":73},"end":{"line":22,"column":114}},"9":{"start":{"line":23,"column":8},"end":{"line":31,"column":9}},"10":{"start":{"line":24,"column":12},"end":{"line":24,"column":33}},"11":{"start":{"line":27,"column":12},"end":{"line":30,"column":14}},"12":{"start":{"line":34,"column":0},"end":{"line":34,"column":24}}},"fnMap":{"0":{"name":"(anonymous_0)","decl":{"start":{"line":6,"column":4},"end":{"line":6,"column":5}},"loc":{"start":{"line":6,"column":18},"end":{"line":8,"column":5}},"line":6},"1":{"name":"(anonymous_1)","decl":{"start":{"line":10,"column":4},"end":{"line":10,"column":5}},"loc":{"start":{"line":10,"column":54},"end":{"line":19,"column":5}},"line":10},"2":{"name":"(anonymous_2)","decl":{"start":{"line":21,"column":4},"end":{"line":21,"column":5}},"loc":{"start":{"line":21,"column":40},"end":{"line":32,"column":5}},"line":21},"3":{"name":"(anonymous_3)","decl":{"start":{"line":22,"column":61},"end":{"line":22,"column":62}},"loc":{"start":{"line":22,"column":73},"end":{"line":22,"column":114}},"line":22}},"branchMap":{"0":{"loc":{"start":{"line":11,"column":8},"end":{"line":18,"column":9}},"type":"if","locations":[{"start":{"line":11,"column":8},"end":{"line":18,"column":9}},{"start":{},"end":{}}],"line":11},"1":{"loc":{"start":{"line":23,"column":8},"end":{"line":31,"column":9}},"type":"if","locations":[{"start":{"line":23,"column":8},"end":{"line":31,"column":9}},{"start":{"line":26,"column":13},"end":{"line":31,"column":9}}],"line":23}},"s":{"0":1,"1":1,"2":1,"3":8,"4":7,"5":7,"6":7,"7":15,"8":7,"9":15,"10":7,"11":8,"12":1},"f":{"0":8,"1":7,"2":15,"3":7},"b":{"0":[7,0],"1":[7,8]},"inputSourceMap":null,"_coverageSchema":"1a1c01bbd47fc00a2c39e90264f33305004495a9","hash":"3ed018a2fc53a6aa5c1fc67d8a2ac37b40a61358"}
,"C:\\Users\\ByronDaniel\\Documents\\BP\\Frontend\\Clase 6 Ts\\dist\\utils\\functions\\randomNumber.js": {"path":"C:\\Users\\ByronDaniel\\Documents\\BP\\Frontend\\Clase 6 Ts\\dist\\utils\\functions\\randomNumber.js","statementMap":{"0":{"start":{"line":2,"column":0},"end":{"line":2,"column":62}},"1":{"start":{"line":3,"column":0},"end":{"line":3,"column":30}},"2":{"start":{"line":5,"column":21},"end":{"line":5,"column":62}},"3":{"start":{"line":5,"column":27},"end":{"line":5,"column":62}},"4":{"start":{"line":6,"column":0},"end":{"line":6,"column":36}}},"fnMap":{"0":{"name":"(anonymous_0)","decl":{"start":{"line":5,"column":21},"end":{"line":5,"column":22}},"loc":{"start":{"line":5,"column":27},"end":{"line":5,"column":62}},"line":5}},"branchMap":{},"s":{"0":1,"1":1,"2":1,"3":8,"4":1},"f":{"0":8},"b":{},"inputSourceMap":null,"_coverageSchema":"1a1c01bbd47fc00a2c39e90264f33305004495a9","hash":"b0a5adf783992a5d44fecb8cd49318e2527bc420"}
,"C:\\Users\\ByronDaniel\\Documents\\BP\\Frontend\\Clase 6 Ts\\src\\Models\\Factura.model.ts": {"path":"C:\\Users\\ByronDaniel\\Documents\\BP\\Frontend\\Clase 6 Ts\\src\\Models\\Factura.model.ts","statementMap":{"0":{"start":{"line":1,"column":0},"end":{"line":1,"column":38}},"1":{"start":{"line":8,"column":6},"end":{"line":8,"column":14}},"2":{"start":{"line":9,"column":6},"end":{"line":9,"column":33}},"3":{"start":{"line":10,"column":6},"end":{"line":14,"column":8}},"4":{"start":{"line":15,"column":6},"end":{"line":15,"column":null}},"5":{"start":{"line":20,"column":59},"end":{"line":20,"column":93}},"6":{"start":{"line":21,"column":6},"end":{"line":39,"column":null}},"7":{"start":{"line":22,"column":8},"end":{"line":22,"column":38}},"8":{"start":{"line":23,"column":8},"end":{"line":23,"column":58}},"9":{"start":{"line":24,"column":8},"end":{"line":35,"column":null}},"10":{"start":{"line":25,"column":44},"end":{"line":30,"column":12}},"11":{"start":{"line":31,"column":10},"end":{"line":31,"column":55}},"12":{"start":{"line":33,"column":31},"end":{"line":33,"column":109}},"13":{"start":{"line":33,"column":74},"end":{"line":33,"column":108}},"14":{"start":{"line":34,"column":10},"end":{"line":34,"column":59}},"15":{"start":{"line":36,"column":8},"end":{"line":36,"column":72}},"16":{"start":{"line":38,"column":8},"end":{"line":38,"column":75}},"17":{"start":{"line":40,"column":6},"end":{"line":40,"column":28}},"18":{"start":{"line":41,"column":6},"end":{"line":41,"column":22}},"19":{"start":{"line":45,"column":47},"end":{"line":45,"column":128}},"20":{"start":{"line":45,"column":86},"end":{"line":45,"column":127}},"21":{"start":{"line":46,"column":6},"end":{"line":50,"column":null}},"22":{"start":{"line":47,"column":8},"end":{"line":47,"column":20}},"23":{"start":{"line":49,"column":8},"end":{"line":49,"column":21}},"24":{"start":{"line":54,"column":18},"end":{"line":54,"column":91}},"25":{"start":{"line":55,"column":6},"end":{"line":55,"column":31}},"26":{"start":{"line":56,"column":6},"end":{"line":56,"column":19}},"27":{"start":{"line":61,"column":6},"end":{"line":61,"column":27}},"28":{"start":{"line":62,"column":6},"end":{"line":62,"column":64}},"29":{"start":{"line":63,"column":6},"end":{"line":63,"column":73}},"30":{"start":{"line":64,"column":6},"end":{"line":64,"column":51}},"31":{"start":{"line":65,"column":6},"end":{"line":65,"column":18}},"32":{"start":{"line":2,"column":0},"end":{"line":2,"column":13}}},"fnMap":{"0":{"name":"(anonymous_0)","decl":{"start":{"line":7,"column":4},"end":{"line":7,"column":null}},"loc":{"start":{"line":7,"column":4},"end":{"line":16,"column":5}}},"1":{"name":"(anonymous_1)","decl":{"start":{"line":19,"column":4},"end":{"line":19,"column":19}},"loc":{"start":{"line":19,"column":50},"end":{"line":42,"column":5}}},"2":{"name":"(anonymous_2)","decl":{"start":{"line":33,"column":63},"end":{"line":33,"column":70}},"loc":{"start":{"line":33,"column":74},"end":{"line":33,"column":108}}},"3":{"name":"(anonymous_3)","decl":{"start":{"line":44,"column":4},"end":{"line":44,"column":32}},"loc":{"start":{"line":44,"column":54},"end":{"line":51,"column":5}}},"4":{"name":"(anonymous_4)","decl":{"start":{"line":45,"column":74},"end":{"line":45,"column":82}},"loc":{"start":{"line":45,"column":86},"end":{"line":45,"column":127}}},"5":{"name":"(anonymous_5)","decl":{"start":{"line":53,"column":4},"end":{"line":53,"column":17}},"loc":{"start":{"line":53,"column":17},"end":{"line":57,"column":5}}},"6":{"name":"(anonymous_6)","decl":{"start":{"line":60,"column":4},"end":{"line":60,"column":12}},"loc":{"start":{"line":60,"column":12},"end":{"line":66,"column":5}}}},"branchMap":{"0":{"loc":{"start":{"line":21,"column":6},"end":{"line":39,"column":null}},"type":"if","locations":[{"start":{"line":21,"column":6},"end":{"line":39,"column":null}},{"start":{"line":37,"column":11},"end":{"line":39,"column":null}}]},"1":{"loc":{"start":{"line":21,"column":10},"end":{"line":21,"column":60}},"type":"binary-expr","locations":[{"start":{"line":21,"column":10},"end":{"line":21,"column":32}},{"start":{"line":21,"column":36},"end":{"line":21,"column":60}}]},"2":{"loc":{"start":{"line":24,"column":8},"end":{"line":35,"column":null}},"type":"if","locations":[{"start":{"line":24,"column":8},"end":{"line":35,"column":null}},{"start":{"line":32,"column":13},"end":{"line":35,"column":null}}]},"3":{"loc":{"start":{"line":46,"column":6},"end":{"line":50,"column":null}},"type":"if","locations":[{"start":{"line":46,"column":6},"end":{"line":50,"column":null}},{"start":{"line":48,"column":11},"end":{"line":50,"column":null}}]}},"s":{"0":1,"1":8,"2":8,"3":8,"4":8,"5":7,"6":7,"7":6,"8":6,"9":6,"10":5,"11":5,"12":1,"13":1,"14":1,"15":6,"16":1,"17":7,"18":7,"19":7,"20":2,"21":7,"22":2,"23":5,"24":2,"25":2,"26":2,"27":1,"28":1,"29":1,"30":1,"31":1,"32":1},"f":{"0":8,"1":7,"2":1,"3":7,"4":2,"5":2,"6":1},"b":{"0":[6,1],"1":[7,7],"2":[5,1],"3":[2,5]}}
,"C:\\Users\\ByronDaniel\\Documents\\BP\\Frontend\\Clase 6 Ts\\src\\Models\\Tienda.model.ts": {"path":"C:\\Users\\ByronDaniel\\Documents\\BP\\Frontend\\Clase 6 Ts\\src\\Models\\Tienda.model.ts","statementMap":{"0":{"start":{"line":1,"column":0},"end":{"line":1,"column":61}},"1":{"start":{"line":6,"column":6},"end":{"line":6,"column":37}},"2":{"start":{"line":11,"column":6},"end":{"line":18,"column":null}},"3":{"start":{"line":12,"column":8},"end":{"line":16,"column":11}},"4":{"start":{"line":17,"column":8},"end":{"line":17,"column":47}},"5":{"start":{"line":23,"column":28},"end":{"line":23,"column":113}},"6":{"start":{"line":23,"column":71},"end":{"line":23,"column":112}},"7":{"start":{"line":24,"column":6},"end":{"line":31,"column":null}},"8":{"start":{"line":25,"column":8},"end":{"line":25,"column":29}},"9":{"start":{"line":27,"column":8},"end":{"line":30,"column":null}},"10":{"start":{"line":2,"column":0},"end":{"line":2,"column":13}}},"fnMap":{"0":{"name":"(anonymous_0)","decl":{"start":{"line":5,"column":4},"end":{"line":5,"column":null}},"loc":{"start":{"line":5,"column":4},"end":{"line":7,"column":5}}},"1":{"name":"(anonymous_1)","decl":{"start":{"line":10,"column":4},"end":{"line":10,"column":29}},"loc":{"start":{"line":10,"column":68},"end":{"line":19,"column":5}}},"2":{"name":"(anonymous_2)","decl":{"start":{"line":22,"column":4},"end":{"line":22,"column":23}},"loc":{"start":{"line":22,"column":46},"end":{"line":32,"column":5}}},"3":{"name":"(anonymous_3)","decl":{"start":{"line":23,"column":59},"end":{"line":23,"column":67}},"loc":{"start":{"line":23,"column":71},"end":{"line":23,"column":112}}}},"branchMap":{"0":{"loc":{"start":{"line":11,"column":6},"end":{"line":18,"column":null}},"type":"if","locations":[{"start":{"line":11,"column":6},"end":{"line":18,"column":null}}]},"1":{"loc":{"start":{"line":24,"column":6},"end":{"line":31,"column":null}},"type":"if","locations":[{"start":{"line":24,"column":6},"end":{"line":31,"column":null}},{"start":{"line":26,"column":11},"end":{"line":31,"column":null}}]}},"s":{"0":1,"1":8,"2":7,"3":7,"4":7,"5":15,"6":7,"7":15,"8":7,"9":8,"10":1},"f":{"0":8,"1":7,"2":15,"3":7},"b":{"0":[7],"1":[7,8]}}
,"C:\\Users\\ByronDaniel\\Documents\\BP\\Frontend\\Clase 6 Ts\\src\\utils\\functions\\randomNumber.ts": {"path":"C:\\Users\\ByronDaniel\\Documents\\BP\\Frontend\\Clase 6 Ts\\src\\utils\\functions\\randomNumber.ts","statementMap":{"0":{"start":{"line":2,"column":21},"end":{"line":2,"column":71}},"1":{"start":{"line":2,"column":36},"end":{"line":2,"column":71}},"2":{"start":{"line":5,"column":4},"end":{"line":5,"column":16}}},"fnMap":{"0":{"name":"(anonymous_0)","decl":{"start":{"line":2,"column":21},"end":{"line":2,"column":33}},"loc":{"start":{"line":2,"column":36},"end":{"line":2,"column":71}}}},"branchMap":{},"s":{"0":1,"1":8,"2":1},"f":{"0":8},"b":{}}
}
