{"C:\\Users\\ByronDaniel\\Documents\\BP\\Frontend\\Clase 6 Ts\\src\\Models\\Factura.model.ts": {"path":"C:\\Users\\ByronDaniel\\Documents\\BP\\Frontend\\Clase 6 Ts\\src\\Models\\Factura.model.ts","statementMap":{"0":{"start":{"line":1,"column":0},"end":{"line":1,"column":38}},"1":{"start":{"line":8,"column":6},"end":{"line":8,"column":14}},"2":{"start":{"line":9,"column":6},"end":{"line":9,"column":33}},"3":{"start":{"line":10,"column":6},"end":{"line":14,"column":8}},"4":{"start":{"line":15,"column":6},"end":{"line":15,"column":null}},"5":{"start":{"line":20,"column":48},"end":{"line":20,"column":82}},"6":{"start":{"line":21,"column":6},"end":{"line":34,"column":null}},"7":{"start":{"line":22,"column":8},"end":{"line":22,"column":38}},"8":{"start":{"line":23,"column":8},"end":{"line":23,"column":58}},"9":{"start":{"line":24,"column":42},"end":{"line":29,"column":10}},"10":{"start":{"line":30,"column":8},"end":{"line":30,"column":53}},"11":{"start":{"line":31,"column":8},"end":{"line":31,"column":72}},"12":{"start":{"line":32,"column":8},"end":{"line":32,"column":30}},"13":{"start":{"line":33,"column":8},"end":{"line":33,"column":24}},"14":{"start":{"line":39,"column":18},"end":{"line":39,"column":91}},"15":{"start":{"line":40,"column":6},"end":{"line":40,"column":31}},"16":{"start":{"line":41,"column":6},"end":{"line":41,"column":19}},"17":{"start":{"line":46,"column":6},"end":{"line":46,"column":27}},"18":{"start":{"line":47,"column":6},"end":{"line":47,"column":64}},"19":{"start":{"line":48,"column":6},"end":{"line":48,"column":73}},"20":{"start":{"line":49,"column":6},"end":{"line":49,"column":51}},"21":{"start":{"line":50,"column":6},"end":{"line":50,"column":18}},"22":{"start":{"line":2,"column":0},"end":{"line":2,"column":13}}},"fnMap":{"0":{"name":"(anonymous_0)","decl":{"start":{"line":7,"column":4},"end":{"line":7,"column":null}},"loc":{"start":{"line":7,"column":4},"end":{"line":16,"column":5}}},"1":{"name":"(anonymous_1)","decl":{"start":{"line":19,"column":4},"end":{"line":19,"column":19}},"loc":{"start":{"line":19,"column":50},"end":{"line":35,"column":5}}},"2":{"name":"(anonymous_2)","decl":{"start":{"line":38,"column":4},"end":{"line":38,"column":17}},"loc":{"start":{"line":38,"column":17},"end":{"line":42,"column":5}}},"3":{"name":"(anonymous_3)","decl":{"start":{"line":45,"column":4},"end":{"line":45,"column":12}},"loc":{"start":{"line":45,"column":12},"end":{"line":51,"column":5}}}},"branchMap":{"0":{"loc":{"start":{"line":21,"column":6},"end":{"line":34,"column":null}},"type":"if","locations":[{"start":{"line":21,"column":6},"end":{"line":34,"column":null}}]},"1":{"loc":{"start":{"line":21,"column":10},"end":{"line":21,"column":60}},"type":"binary-expr","locations":[{"start":{"line":21,"column":10},"end":{"line":21,"column":32}},{"start":{"line":21,"column":36},"end":{"line":21,"column":60}}]}},"s":{"0":1,"1":5,"2":5,"3":5,"4":5,"5":3,"6":3,"7":3,"8":3,"9":3,"10":3,"11":3,"12":3,"13":3,"14":2,"15":2,"16":2,"17":1,"18":1,"19":1,"20":1,"21":1,"22":1},"f":{"0":5,"1":3,"2":2,"3":1},"b":{"0":[3],"1":[3,3]}}
,"C:\\Users\\ByronDaniel\\Documents\\BP\\Frontend\\Clase 6 Ts\\src\\Models\\Tienda.model.ts": {"path":"C:\\Users\\ByronDaniel\\Documents\\BP\\Frontend\\Clase 6 Ts\\src\\Models\\Tienda.model.ts","statementMap":{"0":{"start":{"line":1,"column":0},"end":{"line":1,"column":61}},"1":{"start":{"line":6,"column":6},"end":{"line":6,"column":37}},"2":{"start":{"line":11,"column":49},"end":{"line":15,"column":8}},"3":{"start":{"line":16,"column":50},"end":{"line":16,"column":90}},"4":{"start":{"line":17,"column":6},"end":{"line":20,"column":null}},"5":{"start":{"line":18,"column":8},"end":{"line":18,"column":54}},"6":{"start":{"line":19,"column":8},"end":{"line":19,"column":47}},"7":{"start":{"line":25,"column":55},"end":{"line":29,"column":8}},"8":{"start":{"line":30,"column":6},"end":{"line":34,"column":9}},"9":{"start":{"line":31,"column":8},"end":{"line":33,"column":null}},"10":{"start":{"line":32,"column":10},"end":{"line":32,"column":34}},"11":{"start":{"line":35,"column":6},"end":{"line":35,"column":33}},"12":{"start":{"line":2,"column":0},"end":{"line":2,"column":13}}},"fnMap":{"0":{"name":"(anonymous_0)","decl":{"start":{"line":5,"column":4},"end":{"line":5,"column":null}},"loc":{"start":{"line":5,"column":4},"end":{"line":7,"column":5}}},"1":{"name":"(anonymous_1)","decl":{"start":{"line":10,"column":4},"end":{"line":10,"column":29}},"loc":{"start":{"line":10,"column":68},"end":{"line":21,"column":5}}},"2":{"name":"(anonymous_2)","decl":{"start":{"line":24,"column":4},"end":{"line":24,"column":23}},"loc":{"start":{"line":24,"column":46},"end":{"line":36,"column":5}}},"3":{"name":"(anonymous_3)","decl":{"start":{"line":30,"column":40},"end":{"line":30,"column":41}},"loc":{"start":{"line":30,"column":46},"end":{"line":34,"column":7}}}},"branchMap":{"0":{"loc":{"start":{"line":17,"column":6},"end":{"line":20,"column":null}},"type":"if","locations":[{"start":{"line":17,"column":6},"end":{"line":20,"column":null}}]},"1":{"loc":{"start":{"line":31,"column":8},"end":{"line":33,"column":null}},"type":"if","locations":[{"start":{"line":31,"column":8},"end":{"line":33,"column":null}}]}},"s":{"0":1,"1":5,"2":5,"3":5,"4":5,"5":5,"6":5,"7":9,"8":9,"9":4,"10":4,"11":9,"12":1},"f":{"0":5,"1":5,"2":9,"3":4},"b":{"0":[5],"1":[4]}}
,"C:\\Users\\ByronDaniel\\Documents\\BP\\Frontend\\Clase 6 Ts\\src\\utils\\functions\\randomNumber.ts": {"path":"C:\\Users\\ByronDaniel\\Documents\\BP\\Frontend\\Clase 6 Ts\\src\\utils\\functions\\randomNumber.ts","statementMap":{"0":{"start":{"line":2,"column":21},"end":{"line":2,"column":71}},"1":{"start":{"line":2,"column":36},"end":{"line":2,"column":71}},"2":{"start":{"line":5,"column":4},"end":{"line":5,"column":16}}},"fnMap":{"0":{"name":"(anonymous_0)","decl":{"start":{"line":2,"column":21},"end":{"line":2,"column":33}},"loc":{"start":{"line":2,"column":36},"end":{"line":2,"column":71}}}},"branchMap":{},"s":{"0":1,"1":6,"2":1},"f":{"0":6},"b":{}}
}
