TN:
SF:dist\Models\Factura.model.js
FN:6,(anonymous_0)
FN:17,(anonymous_1)
FN:32,(anonymous_2)
FN:43,(anonymous_3)
FN:44,(anonymous_4)
FN:53,(anonymous_5)
FN:59,(anonymous_6)
FNF:7
FNH:7
FNDA:8,(anonymous_0)
FNDA:7,(anonymous_1)
FNDA:1,(anonymous_2)
FNDA:7,(anonymous_3)
FNDA:2,(anonymous_4)
FNDA:2,(anonymous_5)
FNDA:1,(anonymous_6)
DA:2,1
DA:3,1
DA:4,1
DA:7,8
DA:8,8
DA:9,8
DA:14,8
DA:18,7
DA:19,7
DA:20,6
DA:21,6
DA:22,6
DA:23,5
DA:29,5
DA:32,1
DA:33,1
DA:35,6
DA:38,1
DA:40,7
DA:41,7
DA:44,7
DA:45,7
DA:46,2
DA:49,5
DA:54,2
DA:55,2
DA:56,2
DA:60,1
DA:61,1
DA:62,1
DA:63,1
DA:64,1
DA:67,1
LF:33
LH:33
BRDA:19,0,0,6
BRDA:19,0,1,1
BRDA:19,1,0,7
BRDA:19,1,1,7
BRDA:22,2,0,5
BRDA:22,2,1,1
BRDA:45,3,0,2
BRDA:45,3,1,5
BRF:8
BRH:8
end_of_record
TN:
SF:dist\Models\Tienda.model.js
FN:6,(anonymous_0)
FN:10,(anonymous_1)
FN:21,(anonymous_2)
FN:22,(anonymous_3)
FNF:4
FNH:4
FNDA:8,(anonymous_0)
FNDA:7,(anonymous_1)
FNDA:15,(anonymous_2)
FNDA:7,(anonymous_3)
DA:2,1
DA:3,1
DA:4,1
DA:7,8
DA:11,7
DA:12,7
DA:17,7
DA:22,15
DA:23,15
DA:24,7
DA:27,8
DA:34,1
LF:12
LH:12
BRDA:11,0,0,7
BRDA:11,0,1,0
BRDA:23,1,0,7
BRDA:23,1,1,8
BRF:4
BRH:3
end_of_record
TN:
SF:dist\utils\functions\randomNumber.js
FN:5,(anonymous_0)
FNF:1
FNH:1
FNDA:8,(anonymous_0)
DA:2,1
DA:3,1
DA:5,8
DA:6,1
LF:4
LH:4
BRF:0
BRH:0
end_of_record
TN:
SF:src\Models\Factura.model.ts
FN:7,(anonymous_0)
FN:19,(anonymous_1)
FN:33,(anonymous_2)
FN:44,(anonymous_3)
FN:45,(anonymous_4)
FN:53,(anonymous_5)
FN:60,(anonymous_6)
FNF:7
FNH:7
FNDA:8,(anonymous_0)
FNDA:7,(anonymous_1)
FNDA:1,(anonymous_2)
FNDA:7,(anonymous_3)
FNDA:2,(anonymous_4)
FNDA:2,(anonymous_5)
FNDA:1,(anonymous_6)
DA:1,1
DA:2,1
DA:8,8
DA:9,8
DA:10,8
DA:15,8
DA:20,7
DA:21,7
DA:22,6
DA:23,6
DA:24,6
DA:25,5
DA:31,5
DA:33,1
DA:34,1
DA:36,6
DA:38,1
DA:40,7
DA:41,7
DA:45,7
DA:46,7
DA:47,2
DA:49,5
DA:54,2
DA:55,2
DA:56,2
DA:61,1
DA:62,1
DA:63,1
DA:64,1
DA:65,1
LF:31
LH:31
BRDA:21,0,0,6
BRDA:21,0,1,1
BRDA:21,1,0,7
BRDA:21,1,1,7
BRDA:24,2,0,5
BRDA:24,2,1,1
BRDA:46,3,0,2
BRDA:46,3,1,5
BRF:8
BRH:8
end_of_record
TN:
SF:src\Models\Tienda.model.ts
FN:5,(anonymous_0)
FN:10,(anonymous_1)
FN:22,(anonymous_2)
FN:23,(anonymous_3)
FNF:4
FNH:4
FNDA:8,(anonymous_0)
FNDA:7,(anonymous_1)
FNDA:15,(anonymous_2)
FNDA:7,(anonymous_3)
DA:1,1
DA:2,1
DA:6,8
DA:11,7
DA:12,7
DA:17,7
DA:23,15
DA:24,15
DA:25,7
DA:27,8
LF:10
LH:10
BRDA:11,0,0,7
BRDA:24,1,0,7
BRDA:24,1,1,8
BRF:3
BRH:3
end_of_record
TN:
SF:src\utils\functions\randomNumber.ts
FN:2,(anonymous_0)
FNF:1
FNH:1
FNDA:8,(anonymous_0)
DA:2,8
DA:5,1
LF:2
LH:2
BRF:0
BRH:0
end_of_record
