TN:
SF:src\Models\Factura.model.ts
FN:7,(anonymous_0)
FN:19,(anonymous_1)
FN:38,(anonymous_2)
FN:45,(anonymous_3)
FNF:4
FNH:4
FNDA:5,(anonymous_0)
FNDA:3,(anonymous_1)
FNDA:2,(anonymous_2)
FNDA:1,(anonymous_3)
DA:1,1
DA:2,1
DA:8,5
DA:9,5
DA:10,5
DA:15,5
DA:20,3
DA:21,3
DA:22,3
DA:23,3
DA:24,3
DA:30,3
DA:31,3
DA:32,3
DA:33,3
DA:39,2
DA:40,2
DA:41,2
DA:46,1
DA:47,1
DA:48,1
DA:49,1
DA:50,1
LF:23
LH:23
BRDA:21,0,0,3
BRDA:21,1,0,3
BRDA:21,1,1,3
BRF:3
BRH:3
end_of_record
TN:
SF:src\Models\Tienda.model.ts
FN:5,(anonymous_0)
FN:10,(anonymous_1)
FN:24,(anonymous_2)
FN:30,(anonymous_3)
FNF:4
FNH:4
FNDA:5,(anonymous_0)
FNDA:5,(anonymous_1)
FNDA:9,(anonymous_2)
FNDA:4,(anonymous_3)
DA:1,1
DA:2,1
DA:6,5
DA:11,5
DA:16,5
DA:17,5
DA:18,5
DA:19,5
DA:25,9
DA:30,9
DA:31,4
DA:32,4
DA:35,9
LF:13
LH:13
BRDA:17,0,0,5
BRDA:31,1,0,4
BRF:2
BRH:2
end_of_record
TN:
SF:src\utils\functions\randomNumber.ts
FN:2,(anonymous_0)
FNF:1
FNH:1
FNDA:6,(anonymous_0)
DA:2,6
DA:5,1
LF:2
LH:2
BRF:0
BRH:0
end_of_record
